C51 COMPILER V9.60.7.0   CHASER                                                            09/28/2025 09:35:13 PAGE 1   


C51 COMPILER V9.60.7.0, COMPILATION OF MODULE CHASER
OBJECT MODULE PLACED IN .\Objects\chaser.obj
COMPILER INVOKED BY: C:\Keil_v5\C51\BIN\C51.EXE chaser.c OPTIMIZE(8,SPEED) BROWSE DEBUG OBJECTEXTEND PRINT(.\Listings\ch
                    -aser.lst) TABS(2) OBJECT(.\Objects\chaser.obj)

line level    source

   1          #include <reg51.h>
   2          #include <intrins.h>   // for _crol_ (rotate left)
   3          
   4          sbit led = P2^0;   
   5          
   6          void delay(unsigned int count){
   7   1        unsigned int i,j;
   8   1        for(i=0;i<=count;i++){
   9   2          for(j=0;j<=1275;j++){}
  10   2          }
  11   1        }
  12          
  13          void main() {
  14   1        unsigned char x = 0x01;
  15   1          TMOD = 0x05;   
  16   1          TH0 = 0x00;    // Clear counter each time counting start from 0 to 10
  17   1          TL0 = 0x00;
  18   1          TR0 = 1;       // Start Counter
  19   1          
  20   1          while (1) {
  21   2              unsigned int i;
  22   2              if (TL0 >= 10) {          // If 10 pulses received on T0 pin (P3.4)
  23   3                for(i=0;i<=7;i++){
  24   4                P2 = x;
  25   4                delay(300);
  26   4                  x = _crol_(x,1);//rotate LED to next position
  27   4                }           
  28   3                  TH0 = 0x00;    // Reset counter
  29   3                  TL0 = 0x00;
  30   3              }
  31   2          }
  32   1      }
  33          //without _crol_ fun (circular rotate left)
  34          //x = x << 1;    // shift left
  35          //if(x == 0x00)  // if all LEDs went off
  36          //x = 0x01;  // restart from first LED


MODULE INFORMATION:   STATIC OVERLAYABLE
   CODE SIZE        =    101    ----
   CONSTANT SIZE    =   ----    ----
   XDATA SIZE       =   ----    ----
   PDATA SIZE       =   ----    ----
   DATA SIZE        =   ----       2
   IDATA SIZE       =   ----    ----
   BIT SIZE         =   ----    ----
END OF MODULE INFORMATION.


C51 COMPILATION COMPLETE.  0 WARNING(S),  0 ERROR(S)
