C51 COMPILER V9.60.7.0   TRAFFIC_2                                                         10/02/2025 09:34:34 PAGE 1   


C51 COMPILER V9.60.7.0, COMPILATION OF MODULE TRAFFIC_2
OBJECT MODULE PLACED IN .\Objects\traffic 2.obj
COMPILER INVOKED BY: C:\Keil_v5\C51\BIN\C51.EXE traffic 2.c OPTIMIZE(8,SPEED) BROWSE DEBUG OBJECTEXTEND PRINT(.\Listings
                    -\traffic 2.lst) TABS(2) OBJECT(.\Objects\traffic 2.obj)

line level    source

   1          #include <reg51.h>
   2          sbit red    = P2^0;
   3          sbit green  = P2^1;
   4          sbit yellow = P2^2;
   5          
   6          unsigned char seg[10] = {0x3F,0x06,0x5B,0x4F,0x66,0x6D,0x7D,0x07,0x7F,0x6F};
   7          
   8          void delay(unsigned int count){
   9   1          unsigned int i, j;
  10   1          for(i=0; i<count; i++){
  11   2              for(j=0; j<1275; j++);
  12   2          }
  13   1      }
  14          
  15          void display_number(unsigned char num){
  16   1          unsigned char tens = num / 10;
  17   1          unsigned char ones = num % 10;
  18   1      
  19   1          P1 = seg[tens];   // Tens digit on Display 1
  20   1          P3 = seg[ones];   // Ones digit on Display 2
  21   1      }
  22          
  23          void countdown(unsigned char sec){
  24   1          unsigned int i;//dont take unsigned char as it do not decrement and roll to 255 and loop do not stop 
  25   1          for(i=sec; i>=0; i--){
  26   2              display_number(i);
  27   2              delay(1000);   // 1 second delay
  28   2          }
  29   1      }
  30          
  31          void traffic_light() {
  32   1          red = 1; countdown(30); red = 0;
  33   1          green = 1; countdown(25); green = 0;
  34   1          yellow = 1; countdown(5); yellow = 0;
  35   1      }
  36          
  37          void main() {
  38   1          while(1){
  39   2              traffic_light();
  40   2          }
  41   1      }


MODULE INFORMATION:   STATIC OVERLAYABLE
   CODE SIZE        =    128    ----
   CONSTANT SIZE    =   ----    ----
   XDATA SIZE       =   ----    ----
   PDATA SIZE       =   ----    ----
   DATA SIZE        =     10    ----
   IDATA SIZE       =   ----    ----
   BIT SIZE         =   ----    ----
END OF MODULE INFORMATION.


C51 COMPILATION COMPLETE.  0 WARNING(S),  0 ERROR(S)
