C51 COMPILER V9.60.7.0   RELAY                                                             09/27/2025 14:54:03 PAGE 1   


C51 COMPILER V9.60.7.0, COMPILATION OF MODULE RELAY
OBJECT MODULE PLACED IN .\Objects\relay.obj
COMPILER INVOKED BY: C:\Keil_v5\C51\BIN\C51.EXE relay.c OPTIMIZE(8,SPEED) BROWSE DEBUG OBJECTEXTEND PRINT(.\Listings\rel
                    -ay.lst) TABS(2) OBJECT(.\Objects\relay.obj)

line level    source

   1          //INFORMATION ABOUT RELAY
   2          //there is only one o/p of 5 V in 8051
   3          //relay is used to turn on or off the AC (can be DC) high power components in single signal
   4          //transister is used between them for turning on or off its current should be in such a way that Ibe <=10m
             -A for this r should be 33 ohm to 1 K ohm
   5          //the IC ULN2803 have 8 relays in it
   6          
   7          //LCD CODE
   8          #include<reg51.h>
   9          sbit rs=P1^0;
  10          sbit en=P1^1;
  11          
  12          void delay(unsigned int count){
  13   1        unsigned int i,j;
  14   1        for(i=0;i<=count;i++){
  15   2          for(j=0;j<1275;j++){}
  16   2          }
  17   1        }
  18          void lcd_data(unsigned char xyz){
  19   1        rs=1;//data is sending on data lines
  20   1        P2=xyz;
  21   1        en=1;
  22   1        delay(50);//enable should be on off through the program 
  23   1        en=0;
  24   1      }
  25          void lcd_comd(unsigned char xyz){
  26   1        rs=0;//comand is sending on data lines
  27   1        P2=xyz;
  28   1        en=1;
  29   1        delay(50);//enable should be on off through the program 
  30   1        en=0;
  31   1      }
  32          void main(){
  33   1        lcd_comd(0x38);//initialize
  34   1        lcd_comd(0x02);//return home
  35   1        lcd_comd(0x01);//clear display
  36   1        lcd_comd(0x0C);//Display On Cursor Off
  37   1        lcd_comd(0x06);
  38   1        lcd_comd(0x80);//address of location on row of lcd
  39   1      //for 1st row=0x80
  40   1      //for 2nd row=0xC0
  41   1      //for middle of 1st row=0x85
  42   1      //for middle of 2st row=0xC5  
  43   1      //similarly we can use 0x87,0xC3 etc  up to 8F or CF
  44   1      
  45   1      lcd_data('W');
  46   1      lcd_data('E');
  47   1      lcd_data('L');
  48   1      lcd_data('C');
  49   1      lcd_data('O');
  50   1      lcd_data('M');
  51   1      lcd_data('E');
  52   1        while(1);
  53   1      }
C51 COMPILER V9.60.7.0   RELAY                                                             09/27/2025 14:54:03 PAGE 2   



MODULE INFORMATION:   STATIC OVERLAYABLE
   CODE SIZE        =    123    ----
   CONSTANT SIZE    =   ----    ----
   XDATA SIZE       =   ----    ----
   PDATA SIZE       =   ----    ----
   DATA SIZE        =   ----    ----
   IDATA SIZE       =   ----    ----
   BIT SIZE         =   ----    ----
END OF MODULE INFORMATION.


C51 COMPILATION COMPLETE.  0 WARNING(S),  0 ERROR(S)
