C51 COMPILER V9.60.7.0   SWITCH_INTERF                                                     09/27/2025 17:39:52 PAGE 1   


C51 COMPILER V9.60.7.0, COMPILATION OF MODULE SWITCH_INTERF
OBJECT MODULE PLACED IN .\Objects\switch interf.obj
COMPILER INVOKED BY: C:\Keil_v5\C51\BIN\C51.EXE switch interf.c OPTIMIZE(8,SPEED) BROWSE DEBUG OBJECTEXTEND PRINT(.\List
                    -ings\switch interf.lst) TABS(2) OBJECT(.\Objects\switch interf.obj)

line level    source

   1          #include<reg51.h>
   2          sbit led = P3^0;
   3          sbit sw = P3^7;
   4          void delay(unsigned int count){
   5   1      while(count){
   6   2      unsigned int i;
   7   2      i=115;
   8   2      while(i>0)
   9   2      i--;
  10   2      count--;
  11   2        }
  12   1      }
  13          
  14            void main(){
  15   1          sw = 1; //input pin
  16   1          while(1){
  17   2            if (sw == 0){
  18   3              led = 1;
  19   3              delay(1000);
  20   3              led = 0;
  21   3            }
  22   2            else{
  23   3              led = 0;}
  24   2            }
  25   1          }
  26            //pull-up and pull-down are used for switch


MODULE INFORMATION:   STATIC OVERLAYABLE
   CODE SIZE        =     54    ----
   CONSTANT SIZE    =   ----    ----
   XDATA SIZE       =   ----    ----
   PDATA SIZE       =   ----    ----
   DATA SIZE        =   ----       2
   IDATA SIZE       =   ----    ----
   BIT SIZE         =   ----    ----
END OF MODULE INFORMATION.


C51 COMPILATION COMPLETE.  0 WARNING(S),  0 ERROR(S)
