C51 COMPILER V9.60.7.0   LED                                                               09/24/2025 08:59:26 PAGE 1   


C51 COMPILER V9.60.7.0, COMPILATION OF MODULE LED
OBJECT MODULE PLACED IN .\Objects\led.obj
COMPILER INVOKED BY: C:\Keil_v5\C51\BIN\C51.EXE led.c OPTIMIZE(8,SPEED) BROWSE DEBUG OBJECTEXTEND PRINT(.\Listings\led.l
                    -st) TABS(2) OBJECT(.\Objects\led.obj)

line level    source

   1          //led blinking bytewise
   2          #include<reg51.h>
   3          //for 11.0592MHz 
   4          void delay(unsigned int count){
   5   1        unsigned int i;
   6   1        while(count){
   7   2          i=115;
   8   2          while(i>0)
   9   2            i--;
  10   2          count--;}
  11   1        }
  12            void main(){
  13   1      while(1){
  14   2      P2=0x00;
  15   2      delay(1000);
  16   2      P2=0xFF;
  17   2      delay(1000);}
  18   1      }


MODULE INFORMATION:   STATIC OVERLAYABLE
   CODE SIZE        =     47    ----
   CONSTANT SIZE    =   ----    ----
   XDATA SIZE       =   ----    ----
   PDATA SIZE       =   ----    ----
   DATA SIZE        =   ----    ----
   IDATA SIZE       =   ----    ----
   BIT SIZE         =   ----    ----
END OF MODULE INFORMATION.


C51 COMPILATION COMPLETE.  0 WARNING(S),  0 ERROR(S)
