C51 COMPILER V9.60.7.0   COUNTIND_BUTTON_PRESSES                                           10/02/2025 13:54:44 PAGE 1   


C51 COMPILER V9.60.7.0, COMPILATION OF MODULE COUNTIND_BUTTON_PRESSES
OBJECT MODULE PLACED IN .\Objects\countind button presses.obj
COMPILER INVOKED BY: C:\Keil_v5\C51\BIN\C51.EXE countind button presses.c OPTIMIZE(8,SPEED) BROWSE DEBUG OBJECTEXTEND PR
                    -INT(.\Listings\countind button presses.lst) TABS(2) OBJECT(.\Objects\countind button presses.obj)

line level    source

   1          #include<reg51.h>
   2          
   3          sbit BUTTON=P1^0;
   4          
   5          unsigned char arr[10]={0x3F,0x06,0x5B,0x4F,0x66,0x6D,0x7D,0x07,0x7F,0x6F};
   6          //arr[] Lookup table is for 7 segment 
   7          void delay(unsigned int ch){
   8   1        unsigned int i,j;
   9   1        for(i=0;i<ch;i++){
  10   2          for(j=0;j<=1275;j++){}
  11   2          }
  12   1        }
  13          
  14            void main(){
  15   1          unsigned int count=0;
  16   1          unsigned char unit_part;
  17   1          unsigned int tens_part;
  18   1          BUTTON=1;
  19   1          
  20   1          while(1){
  21   2          if(BUTTON==0){
  22   3            delay(200);
  23   3            if(BUTTON==0){
  24   4              count++;
  25   4              if(count>99){
  26   5                count=0;}       
  27   4            }
  28   3            while(BUTTON==0);//wait until button is released.
  29   3            }
  30   2          unit_part=count%10;
  31   2          tens_part=count/10;
  32   2            
  33   2          P3=arr[tens_part];
  34   2          P2=arr[unit_part];  
  35   2          } 
  36   1        } 
  37                
  38          /*So, to simulate a button press, you need some input component in Proteus, for example:
  39          Push button (switch)
  40          Virtual keyboard (like “Logic Keyboard” or “Keypad” component in Proteus)*/


MODULE INFORMATION:   STATIC OVERLAYABLE
   CODE SIZE        =    117    ----
   CONSTANT SIZE    =   ----    ----
   XDATA SIZE       =   ----    ----
   PDATA SIZE       =   ----    ----
   DATA SIZE        =     10       2
   IDATA SIZE       =   ----    ----
   BIT SIZE         =   ----    ----
END OF MODULE INFORMATION.


C51 COMPILATION COMPLETE.  0 WARNING(S),  0 ERROR(S)
