C51 COMPILER V9.60.7.0   DELAY                                                             09/27/2025 22:02:13 PAGE 1   


C51 COMPILER V9.60.7.0, COMPILATION OF MODULE DELAY
OBJECT MODULE PLACED IN .\Objects\delay.obj
COMPILER INVOKED BY: C:\Keil_v5\C51\BIN\C51.EXE delay.c OPTIMIZE(8,SPEED) BROWSE DEBUG OBJECTEXTEND PRINT(.\Listings\del
                    -ay.lst) TABS(2) OBJECT(.\Objects\delay.obj)

line level    source

   1          #include<reg51.h>
   2          
   3          void delay(void){
   4   1        TMOD=0x01; //timer 0 mode 1
   5   1        TH0=0x4B;
   6   1        TL0=0xFE;
   7   1        TR0=1;
   8   1        while(TF0==0);
   9   1          TR0=0;
  10   1          TF0=0;
  11   1        }
  12            void main(void){
  13   1          while(1){
  14   2          P2=0x55;
  15   2          delay();
  16   2          P2=0xAA;
  17   2          delay();}
  18   1        }


MODULE INFORMATION:   STATIC OVERLAYABLE
   CODE SIZE        =     33    ----
   CONSTANT SIZE    =   ----    ----
   XDATA SIZE       =   ----    ----
   PDATA SIZE       =   ----    ----
   DATA SIZE        =   ----    ----
   IDATA SIZE       =   ----    ----
   BIT SIZE         =   ----    ----
END OF MODULE INFORMATION.


C51 COMPILATION COMPLETE.  0 WARNING(S),  0 ERROR(S)
