C51 COMPILER V9.60.7.0   TEMP_SENSOR_2_0                                                   10/02/2025 09:22:19 PAGE 1   


C51 COMPILER V9.60.7.0, COMPILATION OF MODULE TEMP_SENSOR_2_0
OBJECT MODULE PLACED IN .\Objects\temp sensor 2.0.obj
COMPILER INVOKED BY: C:\Keil_v5\C51\BIN\C51.EXE temp sensor 2.0.c OPTIMIZE(8,SPEED) BROWSE DEBUG OBJECTEXTEND PRINT(.\Li
                    -stings\temp sensor 2.0.lst) TABS(2) OBJECT(.\Objects\temp sensor 2.0.obj)

line level    source

   1          #include<reg51.h>
   2          #include<stdio.h>
   3          
   4          sbit X=P1^0;
   5          sbit Y=P1^1;
   6          sbit Z=P1^2;
   7          sbit SOC=P1^3;
   8          sbit ALE=P1^4;
   9          sbit OE=P1^5;
  10          sbit EOC=P1^6;
  11          sbit rs=P3^0;
  12          sbit en=P3^1;
  13          
  14          unsigned char adc_data;
  15          char buffer[10];
  16          
  17          void delay(unsigned int ms) {
  18   1          unsigned int i, j;
  19   1          for(i=0; i<ms; i++)
  20   1              for(j=0; j<1275; j++);
  21   1      }
  22          
  23          void delay_sec(void){
  24   1        unsigned int i;
  25   1        for(i=0;i<=5000;i++){ //delay of 1 sec
  26   2        TMOD=0x01; //timer 0 mode 1
  27   2        TH0=0xFC;
  28   2        TL0=0x66;
  29   2        TR0=1;
  30   2        while(TF0==0);
  31   2          TR0=0;
  32   2          TF0=0;
  33   2          }
  34   1        }
  35          
  36          void lcd_data(unsigned char xyz){
  37   1        rs=1;
  38   1        P2=xyz;
  39   1        en=1;
  40   1        delay(5);
  41   1        en=0;
  42   1      }
  43          
  44          void lcd_cmd(unsigned char xyz){
  45   1        rs=0;
  46   1        P2=xyz;
  47   1        en=1;
  48   1        delay(5);
  49   1        en=0;
  50   1      }
  51          
  52          void lcd_init() {   
  53   1          lcd_cmd(0x38);  
  54   1          lcd_cmd(0x0C);  
C51 COMPILER V9.60.7.0   TEMP_SENSOR_2_0                                                   10/02/2025 09:22:19 PAGE 2   

  55   1          lcd_cmd(0x06);  
  56   1          lcd_cmd(0x01);  
  57   1          delay(2);
  58   1      }
  59          
  60          void lcd_string(char *str){
  61   1          while(*str) lcd_data(*str++);
  62   1      }
  63          
  64          unsigned char start(unsigned char channel){ 
  65   1        X = channel & 0x01;
  66   1        Y = (channel >> 1) & 0x01;
  67   1        Z = (channel >> 2) & 0x01;
  68   1      
  69   1        ALE=1;
  70   1        delay(1);
  71   1        ALE=0;
  72   1        SOC=1;
  73   1        delay(1); 
  74   1        SOC=0;
  75   1        
  76   1      while(EOC==1);
  77   1          OE=1;
  78   1          adc_data=P0;
  79   1          OE=0;
  80   1          return adc_data; 
  81   1      }
  82          
  83          void main(){
  84   1          unsigned char _data;
  85   1          unsigned int temp;
  86   1          unsigned char int_part, dec_part; //don't declare again and again if need many time declare once at to
             -p
  87   1        
  88   1          lcd_init();
  89   1        
  90   1          while(1){
  91   2              _data=start(0);
  92   2            
  93   2               temp = (_data * 500) / 255; 
  94   2               int_part = temp / 10;
  95   2               dec_part = temp % 10;     
  96   2      
  97   2               lcd_cmd(0x01); //clear display
  98   2               lcd_cmd(0x80); //line1     
  99   2               lcd_string("A_class Temp:");  
 100   2               lcd_cmd(0xC0); //line2     
 101   2               sprintf(buffer, "%d.%d C", int_part, dec_part);
 102   2               lcd_string(buffer);
 103   2               delay_sec();
 104   2            
 105   2               _data=start(1);
 106   2               temp = (_data * 500) / 255; 
 107   2               int_part = temp / 10;
 108   2               dec_part = temp % 10; 
 109   2            
 110   2               lcd_cmd(0x01); 
 111   2               lcd_cmd(0x80);     
 112   2               lcd_string("B_class Temp:");
 113   2               lcd_cmd(0xC0);        
 114   2               sprintf(buffer, "%d.%d C", int_part, dec_part);
 115   2               lcd_string(buffer);      
C51 COMPILER V9.60.7.0   TEMP_SENSOR_2_0                                                   10/02/2025 09:22:19 PAGE 3   

 116   2               delay_sec();
 117   2            
 118   2               _data=start(2);
 119   2               temp = (_data * 500) / 255; 
 120   2               int_part = temp / 10;
 121   2               dec_part = temp % 10;  
 122   2               
 123   2               lcd_cmd(0x01); 
 124   2               lcd_cmd(0x80);     
 125   2               lcd_string("C_class Temp:");
 126   2               lcd_cmd(0xC0);
 127   2               sprintf(buffer, "%d.%d C", int_part, dec_part);
 128   2               lcd_string(buffer);
 129   2                   
 130   2              delay_sec();
 131   2        }
 132   1      }


MODULE INFORMATION:   STATIC OVERLAYABLE
   CODE SIZE        =    414    ----
   CONSTANT SIZE    =     50    ----
   XDATA SIZE       =   ----    ----
   PDATA SIZE       =   ----    ----
   DATA SIZE        =     11       8
   IDATA SIZE       =   ----    ----
   BIT SIZE         =   ----    ----
END OF MODULE INFORMATION.


C51 COMPILATION COMPLETE.  0 WARNING(S),  0 ERROR(S)
