C51 COMPILER V9.60.7.0   COUTER                                                            09/28/2025 09:09:39 PAGE 1   


C51 COMPILER V9.60.7.0, COMPILATION OF MODULE COUTER
OBJECT MODULE PLACED IN .\Objects\couter.obj
COMPILER INVOKED BY: C:\Keil_v5\C51\BIN\C51.EXE couter.c OPTIMIZE(8,SPEED) BROWSE DEBUG OBJECTEXTEND PRINT(.\Listings\co
                    -uter.lst) TABS(2) OBJECT(.\Objects\couter.obj)

line level    source

   1          #include <reg51.h>
   2          sbit led = P2^0;   
   3          
   4          void main() {
   5   1          TMOD = 0x05;   
   6   1          TH0 = 0x00;    // Clear counter eaxh time counting start from 0 to 10
   7   1          TL0 = 0x00;
   8   1          TR0 = 1;       // Start Counter
   9   1          
  10   1          while (1) {
  11   2              if (TL0 >= 10) {   // If 10 pulses received on T0 pin (P3.4)
  12   3                  led = ~led;    
  13   3                  TH0 = 0x00;    // Reset counter
  14   3                  TL0 = 0x00;
  15   3              }
  16   2          }
  17   1      }


MODULE INFORMATION:   STATIC OVERLAYABLE
   CODE SIZE        =     26    ----
   CONSTANT SIZE    =   ----    ----
   XDATA SIZE       =   ----    ----
   PDATA SIZE       =   ----    ----
   DATA SIZE        =   ----    ----
   IDATA SIZE       =   ----    ----
   BIT SIZE         =   ----    ----
END OF MODULE INFORMATION.


C51 COMPILATION COMPLETE.  0 WARNING(S),  0 ERROR(S)
