C51 COMPILER V9.60.7.0   7_SEGMENT                                                         09/28/2025 12:49:06 PAGE 1   


C51 COMPILER V9.60.7.0, COMPILATION OF MODULE 7_SEGMENT
OBJECT MODULE PLACED IN .\Objects\7 segment.obj
COMPILER INVOKED BY: C:\Keil_v5\C51\BIN\C51.EXE 7 segment.c OPTIMIZE(8,SPEED) BROWSE DEBUG OBJECTEXTEND PRINT(.\Listings
                    -\7 segment.lst) TABS(2) OBJECT(.\Objects\7 segment.obj)

line level    source

   1          // digit  dp(dot) G F E D C B A   hex value
   2          //   0      0     0 1 1 1 1 1 1     0x3f
   3          //   1      0     0 0 0 0 1 1 0     0x06
   4          //similarly   0x5b,0x4f,0x66,0x6d,0x7d,0x07,0x7f,0x67 
   5          
   6          #include<reg51.h>
   7          
   8          void delay(unsigned int count){
   9   1        unsigned int i,j;
  10   1        for(i=0;i<count;i++){
  11   2          for(j=0;j<1275;j++){}
  12   2          }
  13   1        }
  14          unsigned char arr[10]={0x3F,0x06,0x5B,0x4F,0x66,0x6D,0x7D,0x07,0x7F,0x6F};
  15          // For common cathode: 0–9 and from g(MSB) to a(LSB) with h=0
  16          // For common cathode: 0–9 and from a(LSB) to g(MSB) with h=0 -> 0xfc,0x60,0xDA,.....};
  17          
  18          void main(){
  19   1        unsigned int i;
  20   1        while(1){
  21   2        for(i=0;i<10;i++){
  22   3          P2 = arr[i];
  23   3          delay(500);}
  24   2        }
  25   1      }
  26          //for common Anode: 0-9 and from g(MSB) to a(LSB) with h=1  ->  0xC0,0xF9,0xA4,0xB0,0x99,0x92,0x82,0xF8,0x8
             -0,0x90};
  27          //for common Anode: 0-9 and from a(LSB) to g(MSB)  with h=1  -> 0x03,0x9f,0x25,......};


MODULE INFORMATION:   STATIC OVERLAYABLE
   CODE SIZE        =     62    ----
   CONSTANT SIZE    =   ----    ----
   XDATA SIZE       =   ----    ----
   PDATA SIZE       =   ----    ----
   DATA SIZE        =     10    ----
   IDATA SIZE       =   ----    ----
   BIT SIZE         =   ----    ----
END OF MODULE INFORMATION.


C51 COMPILATION COMPLETE.  0 WARNING(S),  0 ERROR(S)
