C51 COMPILER V9.60.7.0   SQUARE_WAVE                                                       10/02/2025 19:29:52 PAGE 1   


C51 COMPILER V9.60.7.0, COMPILATION OF MODULE SQUARE_WAVE
OBJECT MODULE PLACED IN .\Objects\Square Wave.obj
COMPILER INVOKED BY: C:\Keil_v5\C51\BIN\C51.EXE Square Wave.c OPTIMIZE(8,SPEED) BROWSE DEBUG OBJECTEXTEND PRINT(.\Listin
                    -gs\Square Wave.lst) TABS(2) OBJECT(.\Objects\Square Wave.obj)

line level    source

   1          #include<reg52.h>
   2          
   3          void delay(){
   4   1        TMOD=0X01;
   5   1        TH0=0xF7;
   6   1        TL0=0x00;
   7   1        TR0=1;
   8   1        while(TF0==0);
   9   1          TR0=0;
  10   1          TF0=0;
  11   1      }
  12          
  13          void main(){
  14   1        
  15   1        while(1){
  16   2          P1=0x00;//First 2.5 ms -> P1 low.
  17   2          delay();
  18   2          P1=0xFF;//Next 2.5 ms -> P1 high.
  19   2          delay();
  20   2        }
  21   1      }
  22          //P1 port is connected to DAC and at o/p we get square wave
  23              
  24          /*Quick math (11.0592 MHz crystal)
  25          Desired frequency = 200 Hz -> period T = 1/200 = 5 ms.
  26          Half-period (toggle interval) = 2.5 ms.
  27          8051 machine cycle = 12 oscillator clocks -> 1 / (11.0592 MHz / 12) = 1.085 ”s per tick.
  28          Required ticks = 2.5 ms / 1.085 ”s = 2304 ticks exactly.
  29          For a 16-bit timer (mode 1) the timer counts from initial value up to 0xFFFF. So initial value = 65536 - 2
             -304 = 63232 = 0xF700.
  30          
  31          
  32          OUTPUT CALCULATION OF DAC ->
  33          
  34          Iout=Iref·(b7/2+b6/4+b5/8+b4/16+b3/32+b2/64+b1/128+b0/256)
  35          
  36          Vout==Rf·Iout
  37          */


MODULE INFORMATION:   STATIC OVERLAYABLE
   CODE SIZE        =     33    ----
   CONSTANT SIZE    =   ----    ----
   XDATA SIZE       =   ----    ----
   PDATA SIZE       =   ----    ----
   DATA SIZE        =   ----    ----
   IDATA SIZE       =   ----    ----
   BIT SIZE         =   ----    ----
END OF MODULE INFORMATION.


C51 COMPILATION COMPLETE.  0 WARNING(S),  0 ERROR(S)
